29.06.2020 0:25:11	This log contains information about the import schema operation into project 'DataGenerationObjects' on computer 'LAPTOP-24O2G2RT' by user 'Евгений'.
29.06.2020 0:25:11	Import of database schema has started.
29.06.2020 0:25:18	Gathering database credentials
29.06.2020 0:25:18	Gathering database options
29.06.2020 0:25:18	Gathering generic database scoped configuration option
29.06.2020 0:25:18	Gathering users
29.06.2020 0:25:18	Gathering roles
29.06.2020 0:25:18	Gathering application roles
29.06.2020 0:25:18	Gathering role memberships
29.06.2020 0:25:18	Gathering filegroups
29.06.2020 0:25:18	Gathering files
29.06.2020 0:25:18	Gathering full-text catalogs
29.06.2020 0:25:18	Gathering assemblies
29.06.2020 0:25:18	Gathering certificates
29.06.2020 0:25:18	Gathering asymmetric keys
29.06.2020 0:25:18	Gathering symmetric keys
29.06.2020 0:25:18	Gathering encrypted symmetric keys
29.06.2020 0:25:18	Gathering database encryption keys
29.06.2020 0:25:18	Gathering schemas
29.06.2020 0:25:18	Gathering XML schema collections
29.06.2020 0:25:18	Gathering user-defined data types
29.06.2020 0:25:18	Gathering user-defined types
29.06.2020 0:25:18	Gathering table types
29.06.2020 0:25:18	Gathering unique keys for table types
29.06.2020 0:25:18	Gathering primary keys for table types
29.06.2020 0:25:18	Gathering indexes for table types
29.06.2020 0:25:18	Gathering check constraints for table types
29.06.2020 0:25:18	Gathering default constraints for table types
29.06.2020 0:25:18	Gathering partition functions
29.06.2020 0:25:18	Gathering partition schemes
29.06.2020 0:25:18	Gathering functions
29.06.2020 0:25:19	Gathering encrypted functions
29.06.2020 0:25:19	Gathering aggregates
29.06.2020 0:25:19	Gathering procedures
29.06.2020 0:25:19	Gathering encrypted procedures
29.06.2020 0:25:19	Gathering tables
29.06.2020 0:25:19	Gathering primary keys
29.06.2020 0:25:19	Gathering unique constraints
29.06.2020 0:25:19	Gathering foreign keys
29.06.2020 0:25:19	Gathering default constraints
29.06.2020 0:25:19	Gathering check constraints
29.06.2020 0:25:19	Gathering views
29.06.2020 0:25:19	Gathering encrypted views
29.06.2020 0:25:19	Gathering indexes
29.06.2020 0:25:19	Gathering statistics
29.06.2020 0:25:19	Gathering full-text index stoplists
29.06.2020 0:25:19	Gathering search property lists
29.06.2020 0:25:19	Gathering search properties
29.06.2020 0:25:19	Gathering full-text indexes
29.06.2020 0:25:19	Gathering column store indexes
29.06.2020 0:25:19	Gathering spatial indexes
29.06.2020 0:25:19	Gathering XML indexes
29.06.2020 0:25:19	Gathering Selective XML indexes
29.06.2020 0:25:19	Gathering encrypted triggers
29.06.2020 0:25:19	Gathering triggers
29.06.2020 0:25:19	Gathering encrypted and clr ddl triggers
29.06.2020 0:25:19	Gathering ddl triggers
29.06.2020 0:25:19	Creating edge constraints
29.06.2020 0:25:19	Gathering synonyms
29.06.2020 0:25:19	Gathering defaults
29.06.2020 0:25:19	Gathering data constraint uddt bindings
29.06.2020 0:25:19	Gathering rules
29.06.2020 0:25:19	Gathering data constraint uddt bindings
29.06.2020 0:25:19	Gathering message types
29.06.2020 0:25:19	Gathering queues
29.06.2020 0:25:19	Gathering contracts
29.06.2020 0:25:19	Gathering services
29.06.2020 0:25:19	Gathering routes
29.06.2020 0:25:19	Gathering event notifications
29.06.2020 0:25:19	Gathering remote service bindings
29.06.2020 0:25:19	Gathering broker priorities
29.06.2020 0:25:19	Gathering database audit specifications
29.06.2020 0:25:19	Gathering signatures
29.06.2020 0:25:19	Gathering data compression options
29.06.2020 0:25:19	Gathering sequence types
29.06.2020 0:25:19	Gathering security policies
29.06.2020 0:25:19	Gather column encryption keys
29.06.2020 0:25:19	Gathering column master keys
29.06.2020 0:25:19	Gathering external data sources
29.06.2020 0:25:19	Gathering external file formats
29.06.2020 0:25:19	Gathering external tables
29.06.2020 0:25:19	Gathering extended properties
29.06.2020 0:25:19	Scanning project for duplicate elements
29.06.2020 0:25:19	Finished duplicate element processing
29.06.2020 0:25:21	Finished importing database.
29.06.2020 0:25:21	A summary of the import was saved to the following location: C:\Users\Евгений\Source\Repos\DataGenerationObjects\DataGenerationObjects\Import Schema Logs\DataGenerationObject_20200628092511.log
29.06.2020 0:25:21	Click Finish to continue...
